Release 14.2 - xst P.28xd (nt64)
Copyright (c) 1995-2012 Xilinx, Inc.  All rights reserved.
--> Parameter TMPDIR set to xst/projnav.tmp


Total REAL time to Xst completion: 1.00 secs
Total CPU time to Xst completion: 0.39 secs
 
--> Parameter xsthdpdir set to xst


Total REAL time to Xst completion: 1.00 secs
Total CPU time to Xst completion: 0.40 secs
 
--> Reading design: tb.prj

TABLE OF CONTENTS
  1) Synthesis Options Summary
  2) HDL Parsing
  3) HDL Elaboration
  4) HDL Synthesis
       4.1) HDL Synthesis Report
  5) Advanced HDL Synthesis
       5.1) Advanced HDL Synthesis Report
  6) Low Level Synthesis
  7) Partition Report
  8) Design Summary
       8.1) Primitive and Black Box Usage
       8.2) Device utilization summary
       8.3) Partition Resource Summary
       8.4) Timing Report
            8.4.1) Clock Information
            8.4.2) Asynchronous Control Signals Information
            8.4.3) Timing Summary
            8.4.4) Timing Details
            8.4.5) Cross Clock Domains Report


=========================================================================
*                      Synthesis Options Summary                        *
=========================================================================
---- Source Parameters
Input File Name                    : "tb.prj"
Ignore Synthesis Constraint File   : NO

---- Target Parameters
Output File Name                   : "tb"
Output Format                      : NGC
Target Device                      : xc6slx45-3-csg324

---- Source Options
Top Module Name                    : tb
Automatic FSM Extraction           : YES
FSM Encoding Algorithm             : Auto
Safe Implementation                : No
FSM Style                          : LUT
RAM Extraction                     : Yes
RAM Style                          : Auto
ROM Extraction                     : Yes
Shift Register Extraction          : YES
ROM Style                          : Auto
Resource Sharing                   : YES
Asynchronous To Synchronous        : NO
Shift Register Minimum Size        : 2
Use DSP Block                      : Auto
Automatic Register Balancing       : No

---- Target Options
LUT Combining                      : Auto
Reduce Control Sets                : Auto
Add IO Buffers                     : YES
Global Maximum Fanout              : 100000
Add Generic Clock Buffer(BUFG)     : 16
Register Duplication               : YES
Optimize Instantiated Primitives   : NO
Use Clock Enable                   : Auto
Use Synchronous Set                : Auto
Use Synchronous Reset              : Auto
Pack IO Registers into IOBs        : Auto
Equivalent register Removal        : YES

---- General Options
Optimization Goal                  : Speed
Optimization Effort                : 1
Power Reduction                    : NO
Keep Hierarchy                     : No
Netlist Hierarchy                  : As_Optimized
RTL Output                         : Yes
Global Optimization                : AllClockNets
Read Cores                         : YES
Write Timing Constraints           : NO
Cross Clock Analysis               : NO
Hierarchy Separator                : /
Bus Delimiter                      : <>
Case Specifier                     : Maintain
Slice Utilization Ratio            : 100
BRAM Utilization Ratio             : 100
DSP48 Utilization Ratio            : 100
Auto BRAM Packing                  : NO
Slice Utilization Ratio Delta      : 5

---- Other Options
Cores Search Directories           : {"ipcore_dir"  }

=========================================================================


=========================================================================
*                          HDL Parsing                                  *
=========================================================================
Analyzing Verilog file "C:\fpga\ISE\Load_BRAM_HW\BRAM_Disp_Map\load_bram.v" into library work
Parsing module <load_bram>.
Analyzing Verilog file "C:\fpga\ISE\Load_BRAM_HW\BRAM_Disp_Map\ipcore_dir\px_in_fifo.v" into library work
Parsing module <px_in_fifo>.
Analyzing Verilog file "C:\fpga\ISE\Load_BRAM_HW\BRAM_Disp_Map\ipcore_dir\bram.v" into library work
Parsing module <bram>.
Analyzing Verilog file "C:\fpga\ISE\Load_BRAM_HW\BRAM_Disp_Map\tb.v" into library work
Parsing module <tb>.

=========================================================================
*                            HDL Elaboration                            *
=========================================================================

Elaborating module <tb>.

Elaborating module <px_in_fifo>.
WARNING:HDLCompiler:1499 - "C:\fpga\ISE\Load_BRAM_HW\BRAM_Disp_Map\ipcore_dir\px_in_fifo.v" Line 39: Empty module <px_in_fifo> remains a black box.
WARNING:HDLCompiler:189 - "C:\fpga\ISE\Load_BRAM_HW\BRAM_Disp_Map\tb.v" Line 71: Size mismatch in connection of port <rd_data_count>. Formal port size is 10-bit while actual signal size is 11-bit.

Elaborating module <bram>.
WARNING:HDLCompiler:1499 - "C:\fpga\ISE\Load_BRAM_HW\BRAM_Disp_Map\ipcore_dir\bram.v" Line 39: Empty module <bram> remains a black box.

Elaborating module <load_bram>.
WARNING:HDLCompiler:413 - "C:\fpga\ISE\Load_BRAM_HW\BRAM_Disp_Map\load_bram.v" Line 64: Result of 24-bit expression is truncated to fit in 1-bit target.
WARNING:HDLCompiler:413 - "C:\fpga\ISE\Load_BRAM_HW\BRAM_Disp_Map\load_bram.v" Line 65: Result of 29-bit expression is truncated to fit in 1-bit target.
WARNING:HDLCompiler:413 - "C:\fpga\ISE\Load_BRAM_HW\BRAM_Disp_Map\load_bram.v" Line 66: Result of 32-bit expression is truncated to fit in 1-bit target.
WARNING:HDLCompiler:1127 - "C:\fpga\ISE\Load_BRAM_HW\BRAM_Disp_Map\load_bram.v" Line 70: Assignment to din_bram_low_grey ignored, since the identifier is never used
WARNING:HDLCompiler:413 - "C:\fpga\ISE\Load_BRAM_HW\BRAM_Disp_Map\load_bram.v" Line 72: Result of 24-bit expression is truncated to fit in 1-bit target.
WARNING:HDLCompiler:413 - "C:\fpga\ISE\Load_BRAM_HW\BRAM_Disp_Map\load_bram.v" Line 73: Result of 29-bit expression is truncated to fit in 1-bit target.
WARNING:HDLCompiler:413 - "C:\fpga\ISE\Load_BRAM_HW\BRAM_Disp_Map\load_bram.v" Line 74: Result of 32-bit expression is truncated to fit in 1-bit target.
WARNING:HDLCompiler:1127 - "C:\fpga\ISE\Load_BRAM_HW\BRAM_Disp_Map\tb.v" Line 98: Assignment to wr_clk_bram ignored, since the identifier is never used
WARNING:HDLCompiler:1127 - "C:\fpga\ISE\Load_BRAM_HW\BRAM_Disp_Map\tb.v" Line 102: Assignment to busy ignored, since the identifier is never used
WARNING:HDLCompiler:634 - "C:\fpga\ISE\Load_BRAM_HW\BRAM_Disp_Map\tb.v" Line 25: Net <rst> does not have a driver.
WARNING:HDLCompiler:552 - "C:\fpga\ISE\Load_BRAM_HW\BRAM_Disp_Map\tb.v" Line 75: Input port clkb is not connected on this instance

=========================================================================
*                           HDL Synthesis                               *
=========================================================================
